{"level":"warn","message":"HTTP GET /api/v1/products 403 12ms","meta":{},"timestamp":"2022-09-17 01:05:15"}
{"level":"warn","message":"HTTP POST /api/v1/auth 404 36ms","meta":{},"timestamp":"2022-09-17 01:08:43"}
{"level":"warn","message":"HTTP POST /api/v1/auth 404 39ms","meta":{},"timestamp":"2022-09-17 01:08:55"}
{"level":"info","message":"HTTP POST /api/v1/auth 200 41ms","meta":{},"timestamp":"2022-09-17 01:09:32"}
{"level":"error","message":"HTTP GET /api/v1/products 500 64ms","meta":{},"timestamp":"2022-09-17 01:10:00"}
{"level":"info","message":"HTTP POST /api/v1/auth 200 64ms","meta":{},"timestamp":"2022-09-17 01:12:54"}
{"level":"warn","message":"HTTP POST /api/v1/auth 404 28ms","meta":{},"timestamp":"2022-09-17 01:13:00"}
{"level":"info","message":"HTTP POST /api/v1/auth 200 28ms","meta":{},"timestamp":"2022-09-17 01:13:05"}
{"level":"error","message":"HTTP GET /api/v1/products 500 73ms","meta":{},"timestamp":"2022-09-17 01:15:06"}
{"level":"error","message":"HTTP GET /api/v1/products 500 56ms","meta":{},"timestamp":"2022-09-17 01:17:55"}
{"level":"error","message":"HTTP GET /api/v1/products 500 52ms","meta":{},"timestamp":"2022-09-17 01:18:54"}
{"level":"error","message":"HTTP GET /api/v1/products 500 41ms","meta":{},"timestamp":"2022-09-17 01:19:13"}
{"level":"error","message":"HTTP GET /api/v1/products 500 28ms","meta":{},"timestamp":"2022-09-17 01:19:20"}
{"level":"error","message":"HTTP GET /api/v1/products 500 44ms","meta":{},"timestamp":"2022-09-17 01:19:50"}
{"level":"error","message":"HTTP GET /api/v1/products 500 42ms","meta":{},"timestamp":"2022-09-17 01:20:32"}
{"level":"error","message":"HTTP GET /api/v1/products 500 40ms","meta":{},"timestamp":"2022-09-17 01:21:13"}
{"level":"info","message":"HTTP POST /api/v1/auth 200 36ms","meta":{},"timestamp":"2022-09-17 01:21:40"}
{"level":"info","message":"HTTP GET /api/v1/products 200 77ms","meta":{},"timestamp":"2022-09-17 01:23:53"}
{"level":"error","message":"HTTP GET /api/v1/products?type=vouchers 500 70ms","meta":{},"timestamp":"2022-09-17 01:25:17"}
{"level":"error","message":"HTTP GET /api/v1/products?type=%27vouchers%27 500 56ms","meta":{},"timestamp":"2022-09-17 01:25:28"}
{"level":"error","message":"HTTP GET /api/v1/products?type=vouchers 500 54ms","meta":{},"timestamp":"2022-09-17 01:25:49"}
{"level":"error","message":"HTTP GET /api/v1/products?type=vouchers 500 74ms","meta":{},"timestamp":"2022-09-17 01:26:26"}
{"level":"error","message":"HTTP GET /api/v1/products?type=vouchers 500 74ms","meta":{},"timestamp":"2022-09-17 01:27:44"}
{"level":"info","message":"HTTP GET /api/v1/products?type=%27vouchers%27 200 60ms","meta":{},"timestamp":"2022-09-17 01:27:56"}
{"level":"info","message":"HTTP GET /api/v1/products?type=%27vouchers%27,%27others%27 200 55ms","meta":{},"timestamp":"2022-09-17 01:29:37"}
{"level":"error","message":"HTTP GET /api/v1/products?type=%27vouchers%27,%27others%27&point=[10000,150000] 500 56ms","meta":{},"timestamp":"2022-09-17 01:30:01"}
{"level":"error","message":"HTTP GET /api/v1/products?type=%27vouchers%27,%27others%27&point=[10000,150000] 500 61ms","meta":{},"timestamp":"2022-09-17 01:30:56"}
{"level":"error","message":"HTTP GET /api/v1/products?type=%27vouchers%27,%27others%27&point=10000,150000 500 86ms","meta":{},"timestamp":"2022-09-17 01:36:48"}
{"level":"error","message":"HTTP GET /api/v1/products?point=10000,150000 500 19198ms","meta":{},"timestamp":"2022-09-17 01:42:34"}
{"level":"error","message":"HTTP GET /api/v1/products?point=10000,150000 500 6976ms","meta":{},"timestamp":"2022-09-17 01:42:34"}
{"level":"error","message":"HTTP GET /api/v1/products?point=10000,150000 500 77ms","meta":{},"timestamp":"2022-09-17 01:43:17"}
{"level":"error","message":"HTTP GET /api/v1/products?point=10000,150000 500 65ms","meta":{},"timestamp":"2022-09-17 01:44:09"}
{"level":"info","message":"HTTP GET /api/v1/products?point=10000,150000 200 133ms","meta":{},"timestamp":"2022-09-17 01:46:13"}
{"level":"info","message":"HTTP GET /api/v1/products?type=%27vouchers%27,%27others%27&point=10000,150000 200 55ms","meta":{},"timestamp":"2022-09-17 01:46:18"}
{"level":"info","message":"HTTP GET /api/v1/products?type=%27vouchers%27,%27others%27&point=10000,1050000 200 59ms","meta":{},"timestamp":"2022-09-17 01:46:29"}
{"level":"error","message":"HTTP GET /api/v1/products?type=vouchers,others 500 4ms","meta":{},"timestamp":"2022-09-17 01:57:37"}
{"level":"error","message":"HTTP GET /api/v1/products?type=%27vouchers%27,%27others%27 500 2ms","meta":{},"timestamp":"2022-09-17 01:57:45"}
{"level":"error","message":"HTTP GET /api/v1/products?type=%27vouchers%27,%27others%27 500 11ms","meta":{},"timestamp":"2022-09-17 01:58:18"}
{"level":"error","message":"HTTP GET /api/v1/products?type=%27vouchers%27,%27others%27&point=10000,1050000 500 8ms","meta":{},"timestamp":"2022-09-17 01:59:12"}
{"level":"info","message":"HTTP GET /api/v1/products?type=%27vouchers%27,%27others%27&point=10000,1050000 200 73ms","meta":{},"timestamp":"2022-09-17 02:00:14"}
{"level":"info","message":"HTTP GET /api/v1/products?type=vouchers,others 200 91ms","meta":{},"timestamp":"2022-09-17 02:01:22"}
{"level":"error","message":"HTTP GET /api/v1/products?type=vouchers,others 500 19290ms","meta":{},"timestamp":"2022-09-17 18:27:08"}
{"level":"error","message":"HTTP GET /api/v1/products?type=vouchers,others 500 10182ms","meta":{},"timestamp":"2022-09-17 18:27:08"}
{"level":"info","message":"HTTP POST /api/v1/auth 200 235ms","meta":{},"timestamp":"2022-09-17 18:39:14"}
{"level":"warn","message":"HTTP POST /api/v1/products 403 2ms","meta":{},"timestamp":"2022-09-17 18:39:45"}
{"level":"error","message":"HTTP POST /api/v1/products 500 22701ms","meta":{},"timestamp":"2022-09-17 18:42:09"}
{"level":"info","message":"HTTP POST /api/v1/products 200 2277ms","meta":{},"timestamp":"2022-09-17 18:43:03"}
{"level":"info","message":"HTTP GET /api/v1/products 200 302ms","meta":{},"timestamp":"2022-09-17 18:43:49"}
{"level":"warn","message":"HTTP PATCH /api/v1/ 404 4ms","meta":{},"timestamp":"2022-09-17 18:44:24"}
{"level":"warn","message":"HTTP PATCH /api/v1/products 404 3ms","meta":{},"timestamp":"2022-09-17 18:45:15"}
{"level":"info","message":"HTTP PATCH /api/v1/products/3 200 2734ms","meta":{},"timestamp":"2022-09-17 18:45:48"}
{"level":"warn","message":"HTTP DELETE /api/v1/ 404 1ms","meta":{},"timestamp":"2022-09-17 18:46:33"}
{"level":"info","message":"HTTP DELETE /api/v1/products/1 200 303ms","meta":{},"timestamp":"2022-09-17 18:46:42"}
{"level":"info","message":"HTTP PATCH /api/v1/products/2 200 5645ms","meta":{},"timestamp":"2022-09-17 18:47:36"}
{"level":"info","message":"HTTP POST /api/v1/products 200 7761ms","meta":{},"timestamp":"2022-09-17 18:49:03"}
{"level":"error","message":"HTTP POST /api/v1/products 500 27ms","meta":{},"timestamp":"2022-09-18 02:10:32"}
{"level":"error","message":"HTTP POST /api/v1/products 500 7ms","meta":{},"timestamp":"2022-09-18 02:10:40"}
{"level":"info","message":"HTTP POST /api/v1/products 200 2336ms","meta":{},"timestamp":"2022-09-18 02:12:35"}
